2025-03-11T15:43:17.862Z [ERROR]: ❌ خطا در مقداردهی اولیه roles: ENOENT: no such file or directory, open 'C:\Users\Fadak\Desktop\parandx\api\src\modules\user\user\seeds\roles.json'
2025-03-11T15:43:17.865Z [ERROR]: ❌ خطا در مقداردهی اولیه users: ENOENT: no such file or directory, open 'C:\Users\Fadak\Desktop\parandx\api\src\modules\user\user\seeds\users.json'
2025-03-11T15:44:17.150Z [ERROR]: ❌ خطا در مقداردهی اولیه roles: ENOENT: no such file or directory, open 'C:\Users\Fadak\Desktop\parandx\api\src\modules\user\user\seeds\roles.json'
2025-03-11T15:44:17.152Z [ERROR]: ❌ خطا در مقداردهی اولیه users: ENOENT: no such file or directory, open 'C:\Users\Fadak\Desktop\parandx\api\src\modules\user\user\seeds\users.json'
2025-03-11T15:47:36.485Z [ERROR]: ❌ خطا در مقداردهی اولیه roles: ENOENT: no such file or directory, open 'C:\Users\Fadak\Desktop\parandx\api\src\modules\user\user\seeds\roles.json'
2025-03-11T15:47:36.487Z [ERROR]: ❌ خطا در مقداردهی اولیه users: ENOENT: no such file or directory, open 'C:\Users\Fadak\Desktop\parandx\api\src\modules\user\user\seeds\users.json'
2025-03-11T15:48:24.958Z [ERROR]: ❌ خطا در مقداردهی اولیه roles: ENOENT: no such file or directory, open 'C:\Users\Fadak\Desktop\parandx\api\src\modules\user\user\seeds\roles.json'
2025-03-11T15:48:24.960Z [ERROR]: ❌ خطا در مقداردهی اولیه users: ENOENT: no such file or directory, open 'C:\Users\Fadak\Desktop\parandx\api\src\modules\user\user\seeds\users.json'
2025-03-11T15:49:06.472Z [ERROR]: ❌ خطا در مقداردهی اولیه roles: ENOENT: no such file or directory, open 'C:\Users\Fadak\Desktop\parandx\api\src\modules\user\user\seeds\roles.json'
2025-03-11T15:49:06.475Z [ERROR]: ❌ خطا در مقداردهی اولیه users: ENOENT: no such file or directory, open 'C:\Users\Fadak\Desktop\parandx\api\src\modules\user\user\seeds\users.json'
2025-03-11T17:16:06.627Z [ERROR]: ❌ خطا در مقداردهی اولیه roles: ENOENT: no such file or directory, open 'C:\Users\Fadak\Desktop\parandx\api\src\modules\user\user\seeds\roles.json'
2025-03-11T17:16:06.629Z [ERROR]: ❌ خطا در مقداردهی اولیه users: ENOENT: no such file or directory, open 'C:\Users\Fadak\Desktop\parandx\api\src\modules\user\user\seeds\users.json'
2025-03-11T22:37:27.786Z [ERROR]: ❌ خطا در مقداردهی اولیه roles: ENOENT: no such file or directory, open 'C:\Users\Fadak\Desktop\parandx\api\src\modules\user\user\seeds\roles.json'
2025-03-11T22:37:27.789Z [ERROR]: ❌ خطا در مقداردهی اولیه users: ENOENT: no such file or directory, open 'C:\Users\Fadak\Desktop\parandx\api\src\modules\user\user\seeds\users.json'
2025-03-11T22:37:32.175Z [ERROR]: ❌ خطا در مقداردهی اولیه roles: ENOENT: no such file or directory, open 'C:\Users\Fadak\Desktop\parandx\api\src\modules\user\user\seeds\roles.json'
2025-03-11T22:37:32.178Z [ERROR]: ❌ خطا در مقداردهی اولیه users: ENOENT: no such file or directory, open 'C:\Users\Fadak\Desktop\parandx\api\src\modules\user\user\seeds\users.json'
2025-03-11T22:38:29.816Z [ERROR]: ❌ خطا در مقداردهی اولیه roles: ENOENT: no such file or directory, open 'C:\Users\Fadak\Desktop\parandx\api\src\modules\user\user\seeds\roles.json'
2025-03-11T22:38:29.820Z [ERROR]: ❌ خطا در مقداردهی اولیه users: ENOENT: no such file or directory, open 'C:\Users\Fadak\Desktop\parandx\api\src\modules\user\user\seeds\users.json'
2025-03-11T22:38:32.468Z [ERROR]: ❌ خطا در مقداردهی اولیه roles: ENOENT: no such file or directory, open 'C:\Users\Fadak\Desktop\parandx\api\src\modules\user\user\seeds\roles.json'
2025-03-11T22:38:32.470Z [ERROR]: ❌ خطا در مقداردهی اولیه users: ENOENT: no such file or directory, open 'C:\Users\Fadak\Desktop\parandx\api\src\modules\user\user\seeds\users.json'
2025-03-11T22:38:45.646Z [ERROR]: ❌ خطا در مقداردهی اولیه roles: ENOENT: no such file or directory, open 'C:\Users\Fadak\Desktop\parandx\api\src\modules\user\user\seeds\roles.json'
2025-03-11T22:38:45.650Z [ERROR]: ❌ خطا در مقداردهی اولیه users: ENOENT: no such file or directory, open 'C:\Users\Fadak\Desktop\parandx\api\src\modules\user\user\seeds\users.json'
2025-03-11T22:38:49.290Z [ERROR]: ❌ خطا در مقداردهی اولیه roles: ENOENT: no such file or directory, open 'C:\Users\Fadak\Desktop\parandx\api\src\modules\user\user\seeds\roles.json'
2025-03-11T22:38:49.292Z [ERROR]: ❌ خطا در مقداردهی اولیه users: ENOENT: no such file or directory, open 'C:\Users\Fadak\Desktop\parandx\api\src\modules\user\user\seeds\users.json'
2025-03-11T22:39:00.385Z [ERROR]: ❌ خطا در مقداردهی اولیه roles: ENOENT: no such file or directory, open 'C:\Users\Fadak\Desktop\parandx\api\src\modules\user\user\seeds\roles.json'
2025-03-11T22:39:00.387Z [ERROR]: ❌ خطا در مقداردهی اولیه users: ENOENT: no such file or directory, open 'C:\Users\Fadak\Desktop\parandx\api\src\modules\user\user\seeds\users.json'
2025-03-11T22:40:34.053Z [ERROR]: ❌ خطا در مقداردهی اولیه roles: ENOENT: no such file or directory, open 'C:\Users\Fadak\Desktop\parandx\api\src\modules\user\user\seeds\roles.json'
2025-03-11T22:40:34.056Z [ERROR]: ❌ خطا در مقداردهی اولیه users: ENOENT: no such file or directory, open 'C:\Users\Fadak\Desktop\parandx\api\src\modules\user\user\seeds\users.json'
2025-03-11T22:41:05.960Z [ERROR]: ❌ خطا در مقداردهی اولیه roles: ENOENT: no such file or directory, open 'C:\Users\Fadak\Desktop\parandx\api\src\modules\user\user\seeds\roles.json'
2025-03-11T22:41:05.962Z [ERROR]: ❌ خطا در مقداردهی اولیه users: ENOENT: no such file or directory, open 'C:\Users\Fadak\Desktop\parandx\api\src\modules\user\user\seeds\users.json'
2025-03-11T22:41:39.030Z [ERROR]: ❌ خطا در مقداردهی اولیه roles: ENOENT: no such file or directory, open 'C:\Users\Fadak\Desktop\parandx\api\src\modules\user\user\seeds\roles.json'
2025-03-11T22:41:39.033Z [ERROR]: ❌ خطا در مقداردهی اولیه users: ENOENT: no such file or directory, open 'C:\Users\Fadak\Desktop\parandx\api\src\modules\user\user\seeds\users.json'
2025-03-11T22:42:14.680Z [ERROR]: ❌ خطا در مقداردهی اولیه roles: ENOENT: no such file or directory, open 'C:\Users\Fadak\Desktop\parandx\api\src\modules\user\user\seeds\roles.json'
2025-03-11T22:42:14.683Z [ERROR]: ❌ خطا در مقداردهی اولیه users: ENOENT: no such file or directory, open 'C:\Users\Fadak\Desktop\parandx\api\src\modules\user\user\seeds\users.json'
2025-03-11T23:29:23.582Z [ERROR]: ❌ خطا در مقداردهی اولیه roles: ENOENT: no such file or directory, open 'C:\Users\Fadak\Desktop\parandx\api\src\modules\user\user\seeds\roles.json'
2025-03-11T23:29:23.584Z [ERROR]: ❌ خطا در مقداردهی اولیه users: ENOENT: no such file or directory, open 'C:\Users\Fadak\Desktop\parandx\api\src\modules\user\user\seeds\users.json'
2025-03-11T23:29:46.083Z [ERROR]: ❌ خطا در مقداردهی اولیه roles: ENOENT: no such file or directory, open 'C:\Users\Fadak\Desktop\parandx\api\src\modules\user\user\seeds\roles.json'
2025-03-11T23:29:46.086Z [ERROR]: ❌ خطا در مقداردهی اولیه users: ENOENT: no such file or directory, open 'C:\Users\Fadak\Desktop\parandx\api\src\modules\user\user\seeds\users.json'
2025-03-11T23:31:16.820Z [ERROR]: ❌ خطا در مقداردهی اولیه roles: ENOENT: no such file or directory, open 'C:\Users\Fadak\Desktop\parandx\api\src\modules\user\user\seeds\roles.json'
2025-03-11T23:31:16.823Z [ERROR]: ❌ خطا در مقداردهی اولیه users: ENOENT: no such file or directory, open 'C:\Users\Fadak\Desktop\parandx\api\src\modules\user\user\seeds\users.json'
2025-03-11T23:32:34.482Z [ERROR]: ❌ خطا در مقداردهی اولیه roles: ENOENT: no such file or directory, open 'C:\Users\Fadak\Desktop\parandx\api\src\modules\user\user\seeds\roles.json'
2025-03-11T23:32:34.485Z [ERROR]: ❌ خطا در مقداردهی اولیه users: ENOENT: no such file or directory, open 'C:\Users\Fadak\Desktop\parandx\api\src\modules\user\user\seeds\users.json'
2025-03-11T23:33:30.750Z [ERROR]: ❌ خطا در مقداردهی اولیه roles: ENOENT: no such file or directory, open 'C:\Users\Fadak\Desktop\parandx\api\src\modules\user\user\seeds\roles.json'
2025-03-11T23:33:30.752Z [ERROR]: ❌ خطا در مقداردهی اولیه users: ENOENT: no such file or directory, open 'C:\Users\Fadak\Desktop\parandx\api\src\modules\user\user\seeds\users.json'
2025-03-11T23:36:13.824Z [ERROR]: ❌ خطا در مقداردهی اولیه roles: ENOENT: no such file or directory, open 'C:\Users\Fadak\Desktop\parandx\api\src\modules\user\user\seeds\roles.json'
2025-03-11T23:36:13.826Z [ERROR]: ❌ خطا در مقداردهی اولیه users: ENOENT: no such file or directory, open 'C:\Users\Fadak\Desktop\parandx\api\src\modules\user\user\seeds\users.json'
2025-03-11T23:39:15.735Z [ERROR]: ❌ خطا در مقداردهی اولیه roles: ENOENT: no such file or directory, open 'C:\Users\Fadak\Desktop\parandx\api\src\modules\user\user\seeds\roles.json'
2025-03-11T23:39:15.738Z [ERROR]: ❌ خطا در مقداردهی اولیه users: ENOENT: no such file or directory, open 'C:\Users\Fadak\Desktop\parandx\api\src\modules\user\user\seeds\users.json'
2025-03-11T23:50:14.391Z [ERROR]: ❌ خطا در مقداردهی اولیه roles: ENOENT: no such file or directory, open 'C:\Users\Fadak\Desktop\parandx\api\src\modules\user\user\seeds\roles.json'
2025-03-11T23:50:14.393Z [ERROR]: ❌ خطا در مقداردهی اولیه users: ENOENT: no such file or directory, open 'C:\Users\Fadak\Desktop\parandx\api\src\modules\user\user\seeds\users.json'
2025-03-11T23:51:23.436Z [ERROR]: ❌ خطا در مقداردهی اولیه roles: ENOENT: no such file or directory, open 'C:\Users\Fadak\Desktop\parandx\api\src\modules\user\user\seeds\roles.json'
2025-03-11T23:51:23.438Z [ERROR]: ❌ خطا در مقداردهی اولیه users: ENOENT: no such file or directory, open 'C:\Users\Fadak\Desktop\parandx\api\src\modules\user\user\seeds\users.json'
2025-03-11T23:52:02.546Z [ERROR]: ❌ خطا در مقداردهی اولیه roles: ENOENT: no such file or directory, open 'C:\Users\Fadak\Desktop\parandx\api\src\modules\user\user\seeds\roles.json'
2025-03-11T23:52:02.548Z [ERROR]: ❌ خطا در مقداردهی اولیه users: ENOENT: no such file or directory, open 'C:\Users\Fadak\Desktop\parandx\api\src\modules\user\user\seeds\users.json'
2025-03-11T23:56:26.719Z [ERROR]: ❌ خطا در مقداردهی اولیه roles: ENOENT: no such file or directory, open 'C:\Users\Fadak\Desktop\parandx\api\src\modules\user\user\seeds\roles.json'
2025-03-11T23:56:26.721Z [ERROR]: ❌ خطا در مقداردهی اولیه users: ENOENT: no such file or directory, open 'C:\Users\Fadak\Desktop\parandx\api\src\modules\user\user\seeds\users.json'
2025-03-11T23:56:51.927Z [ERROR]: ❌ خطا در مقداردهی اولیه roles: ENOENT: no such file or directory, open 'C:\Users\Fadak\Desktop\parandx\api\src\modules\user\user\seeds\roles.json'
2025-03-11T23:56:51.930Z [ERROR]: ❌ خطا در مقداردهی اولیه users: ENOENT: no such file or directory, open 'C:\Users\Fadak\Desktop\parandx\api\src\modules\user\user\seeds\users.json'
2025-03-12T00:01:46.320Z [ERROR]: ❌ خطا در مقداردهی اولیه roles: ENOENT: no such file or directory, open 'C:\Users\Fadak\Desktop\parandx\api\src\modules\user\user\seeds\roles.json'
2025-03-12T00:01:46.322Z [ERROR]: ❌ خطا در مقداردهی اولیه users: ENOENT: no such file or directory, open 'C:\Users\Fadak\Desktop\parandx\api\src\modules\user\user\seeds\users.json'
2025-03-12T00:05:10.130Z [ERROR]: ❌ خطا در مقداردهی اولیه roles: ENOENT: no such file or directory, open 'C:\Users\Fadak\Desktop\parandx\api\src\modules\user\user\seeds\roles.json'
2025-03-12T00:05:10.132Z [ERROR]: ❌ خطا در مقداردهی اولیه users: ENOENT: no such file or directory, open 'C:\Users\Fadak\Desktop\parandx\api\src\modules\user\user\seeds\users.json'
2025-03-12T02:16:35.315Z [ERROR]: ❌ خطا در مقداردهی اولیه roles: ENOENT: no such file or directory, open 'C:\Users\Fadak\Desktop\parandx\api\src\modules\user\user\seeds\roles.json'
2025-03-12T02:16:35.317Z [ERROR]: ❌ خطا در مقداردهی اولیه users: ENOENT: no such file or directory, open 'C:\Users\Fadak\Desktop\parandx\api\src\modules\user\user\seeds\users.json'
2025-03-12T02:23:27.154Z [ERROR]: ❌ خطا در مقداردهی اولیه roles: ENOENT: no such file or directory, open 'C:\Users\Fadak\Desktop\parandx\api\src\modules\user\user\seeds\roles.json'
2025-03-12T02:23:27.159Z [ERROR]: ❌ خطا در مقداردهی اولیه users: ENOENT: no such file or directory, open 'C:\Users\Fadak\Desktop\parandx\api\src\modules\user\user\seeds\users.json'
2025-03-12T02:29:11.203Z [ERROR]: ❌ خطا در مقداردهی اولیه roles: ENOENT: no such file or directory, open 'C:\Users\Fadak\Desktop\parandx\api\src\modules\user\user\seeds\roles.json'
2025-03-12T02:29:11.206Z [ERROR]: ❌ خطا در مقداردهی اولیه users: ENOENT: no such file or directory, open 'C:\Users\Fadak\Desktop\parandx\api\src\modules\user\user\seeds\users.json'
2025-03-12T02:43:33.690Z [ERROR]: ❌ خطا در مقداردهی اولیه roles: ENOENT: no such file or directory, open 'C:\Users\Fadak\Desktop\parandx\api\src\modules\user\user\seeds\roles.json'
2025-03-12T02:43:33.693Z [ERROR]: ❌ خطا در مقداردهی اولیه users: ENOENT: no such file or directory, open 'C:\Users\Fadak\Desktop\parandx\api\src\modules\user\user\seeds\users.json'
2025-03-12T02:43:37.688Z [ERROR]: ❌ خطا در مقداردهی اولیه roles: ENOENT: no such file or directory, open 'C:\Users\Fadak\Desktop\parandx\api\src\modules\user\user\seeds\roles.json'
2025-03-12T02:43:37.691Z [ERROR]: ❌ خطا در مقداردهی اولیه users: ENOENT: no such file or directory, open 'C:\Users\Fadak\Desktop\parandx\api\src\modules\user\user\seeds\users.json'
2025-03-12T02:43:48.560Z [ERROR]: ❌ خطا در مقداردهی اولیه roles: ENOENT: no such file or directory, open 'C:\Users\Fadak\Desktop\parandx\api\src\modules\user\user\seeds\roles.json'
2025-03-12T02:43:48.564Z [ERROR]: ❌ خطا در مقداردهی اولیه users: ENOENT: no such file or directory, open 'C:\Users\Fadak\Desktop\parandx\api\src\modules\user\user\seeds\users.json'
2025-03-12T02:43:53.364Z [ERROR]: ❌ خطا در مقداردهی اولیه roles: ENOENT: no such file or directory, open 'C:\Users\Fadak\Desktop\parandx\api\src\modules\user\user\seeds\roles.json'
2025-03-12T02:43:53.367Z [ERROR]: ❌ خطا در مقداردهی اولیه users: ENOENT: no such file or directory, open 'C:\Users\Fadak\Desktop\parandx\api\src\modules\user\user\seeds\users.json'
2025-03-12T02:46:10.914Z [ERROR]: ❌ خطا در مقداردهی اولیه roles: ENOENT: no such file or directory, open 'C:\Users\Fadak\Desktop\parandx\api\src\modules\user\user\seeds\roles.json'
2025-03-12T02:46:10.919Z [ERROR]: ❌ خطا در مقداردهی اولیه users: ENOENT: no such file or directory, open 'C:\Users\Fadak\Desktop\parandx\api\src\modules\user\user\seeds\users.json'
2025-03-12T02:46:25.385Z [ERROR]: ❌ خطا در مقداردهی اولیه roles: ENOENT: no such file or directory, open 'C:\Users\Fadak\Desktop\parandx\api\src\modules\user\user\seeds\roles.json'
2025-03-12T02:46:25.387Z [ERROR]: ❌ خطا در مقداردهی اولیه users: ENOENT: no such file or directory, open 'C:\Users\Fadak\Desktop\parandx\api\src\modules\user\user\seeds\users.json'
2025-03-12T02:49:44.765Z [ERROR]: ❌ خطا در مقداردهی اولیه roles: ENOENT: no such file or directory, open 'C:\Users\Fadak\Desktop\parandx\api\src\modules\user\user\seeds\roles.json'
2025-03-12T02:49:47.408Z [ERROR]: ❌ خطا در مقداردهی اولیه roles: ENOENT: no such file or directory, open 'C:\Users\Fadak\Desktop\parandx\api\src\modules\user\user\seeds\roles.json'
2025-03-12T02:49:47.411Z [ERROR]: ❌ خطا در مقداردهی اولیه users: ENOENT: no such file or directory, open 'C:\Users\Fadak\Desktop\parandx\api\src\modules\user\user\seeds\users.json'
2025-03-12T02:50:20.949Z [ERROR]: ❌ خطا در مقداردهی اولیه roles: ENOENT: no such file or directory, open 'C:\Users\Fadak\Desktop\parandx\api\src\modules\user\user\seeds\roles.json'
2025-03-12T02:50:20.952Z [ERROR]: ❌ خطا در مقداردهی اولیه users: ENOENT: no such file or directory, open 'C:\Users\Fadak\Desktop\parandx\api\src\modules\user\user\seeds\users.json'
2025-03-12T02:51:59.721Z [ERROR]: ❌ خطا در مقداردهی اولیه roles: ENOENT: no such file or directory, open 'C:\Users\Fadak\Desktop\parandx\api\src\modules\user\user\seeds\roles.json'
2025-03-12T02:51:59.723Z [ERROR]: ❌ خطا در مقداردهی اولیه users: ENOENT: no such file or directory, open 'C:\Users\Fadak\Desktop\parandx\api\src\modules\user\user\seeds\users.json'
2025-03-12T02:53:18.409Z [ERROR]: ❌ خطا در مقداردهی اولیه roles: ENOENT: no such file or directory, open 'C:\Users\Fadak\Desktop\parandx\api\src\modules\user\user\seeds\roles.json'
2025-03-12T02:53:18.412Z [ERROR]: ❌ خطا در مقداردهی اولیه users: ENOENT: no such file or directory, open 'C:\Users\Fadak\Desktop\parandx\api\src\modules\user\user\seeds\users.json'
2025-03-12T02:53:23.630Z [ERROR]: ❌ خطا در مقداردهی اولیه roles: ENOENT: no such file or directory, open 'C:\Users\Fadak\Desktop\parandx\api\src\modules\user\user\seeds\roles.json'
2025-03-12T02:53:23.635Z [ERROR]: ❌ خطا در مقداردهی اولیه users: ENOENT: no such file or directory, open 'C:\Users\Fadak\Desktop\parandx\api\src\modules\user\user\seeds\users.json'
2025-03-12T02:53:36.228Z [ERROR]: ❌ خطا در مقداردهی اولیه roles: ENOENT: no such file or directory, open 'C:\Users\Fadak\Desktop\parandx\api\src\modules\user\user\seeds\roles.json'
2025-03-12T02:53:36.232Z [ERROR]: ❌ خطا در مقداردهی اولیه users: ENOENT: no such file or directory, open 'C:\Users\Fadak\Desktop\parandx\api\src\modules\user\user\seeds\users.json'
2025-03-12T02:53:39.117Z [ERROR]: ❌ خطا در مقداردهی اولیه roles: ENOENT: no such file or directory, open 'C:\Users\Fadak\Desktop\parandx\api\src\modules\user\user\seeds\roles.json'
2025-03-12T02:53:39.120Z [ERROR]: ❌ خطا در مقداردهی اولیه users: ENOENT: no such file or directory, open 'C:\Users\Fadak\Desktop\parandx\api\src\modules\user\user\seeds\users.json'
2025-03-12T02:53:48.047Z [ERROR]: ❌ خطا در مقداردهی اولیه roles: ENOENT: no such file or directory, open 'C:\Users\Fadak\Desktop\parandx\api\src\modules\user\user\seeds\roles.json'
2025-03-12T02:53:48.050Z [ERROR]: ❌ خطا در مقداردهی اولیه users: ENOENT: no such file or directory, open 'C:\Users\Fadak\Desktop\parandx\api\src\modules\user\user\seeds\users.json'
2025-03-12T02:53:51.433Z [ERROR]: ❌ خطا در مقداردهی اولیه roles: ENOENT: no such file or directory, open 'C:\Users\Fadak\Desktop\parandx\api\src\modules\user\user\seeds\roles.json'
2025-03-12T02:53:51.435Z [ERROR]: ❌ خطا در مقداردهی اولیه users: ENOENT: no such file or directory, open 'C:\Users\Fadak\Desktop\parandx\api\src\modules\user\user\seeds\users.json'
2025-03-12T02:54:19.053Z [ERROR]: ❌ خطا در مقداردهی اولیه roles: ENOENT: no such file or directory, open 'C:\Users\Fadak\Desktop\parandx\api\src\modules\user\user\seeds\roles.json'
2025-03-12T02:54:19.056Z [ERROR]: ❌ خطا در مقداردهی اولیه users: ENOENT: no such file or directory, open 'C:\Users\Fadak\Desktop\parandx\api\src\modules\user\user\seeds\users.json'
2025-03-12T02:55:52.221Z [ERROR]: ❌ خطا در مقداردهی اولیه roles: ENOENT: no such file or directory, open 'C:\Users\Fadak\Desktop\parandx\api\src\modules\user\user\seeds\roles.json'
2025-03-12T02:55:52.223Z [ERROR]: ❌ خطا در مقداردهی اولیه users: ENOENT: no such file or directory, open 'C:\Users\Fadak\Desktop\parandx\api\src\modules\user\user\seeds\users.json'
2025-03-12T02:55:55.070Z [ERROR]: ❌ خطا در مقداردهی اولیه roles: ENOENT: no such file or directory, open 'C:\Users\Fadak\Desktop\parandx\api\src\modules\user\user\seeds\roles.json'
2025-03-12T02:55:55.073Z [ERROR]: ❌ خطا در مقداردهی اولیه users: ENOENT: no such file or directory, open 'C:\Users\Fadak\Desktop\parandx\api\src\modules\user\user\seeds\users.json'
2025-03-12T02:57:04.369Z [ERROR]: ❌ خطا در مقداردهی اولیه roles: ENOENT: no such file or directory, open 'C:\Users\Fadak\Desktop\parandx\api\src\modules\user\user\seeds\roles.json'
2025-03-12T02:57:04.371Z [ERROR]: ❌ خطا در مقداردهی اولیه users: ENOENT: no such file or directory, open 'C:\Users\Fadak\Desktop\parandx\api\src\modules\user\user\seeds\users.json'
2025-03-12T02:58:28.719Z [ERROR]: ❌ خطا در مقداردهی اولیه roles: ENOENT: no such file or directory, open 'C:\Users\Fadak\Desktop\parandx\api\src\modules\user\user\seeds\roles.json'
2025-03-12T02:58:28.721Z [ERROR]: ❌ خطا در مقداردهی اولیه users: ENOENT: no such file or directory, open 'C:\Users\Fadak\Desktop\parandx\api\src\modules\user\user\seeds\users.json'
2025-03-12T02:58:31.670Z [ERROR]: ❌ خطا در مقداردهی اولیه roles: ENOENT: no such file or directory, open 'C:\Users\Fadak\Desktop\parandx\api\src\modules\user\user\seeds\roles.json'
2025-03-12T02:58:31.672Z [ERROR]: ❌ خطا در مقداردهی اولیه users: ENOENT: no such file or directory, open 'C:\Users\Fadak\Desktop\parandx\api\src\modules\user\user\seeds\users.json'
2025-03-12T02:58:49.399Z [ERROR]: ❌ خطا در مقداردهی اولیه roles: ENOENT: no such file or directory, open 'C:\Users\Fadak\Desktop\parandx\api\src\modules\user\user\seeds\roles.json'
2025-03-12T02:58:49.402Z [ERROR]: ❌ خطا در مقداردهی اولیه users: ENOENT: no such file or directory, open 'C:\Users\Fadak\Desktop\parandx\api\src\modules\user\user\seeds\users.json'
2025-03-12T23:25:12.366Z [ERROR]: ❌ خطا در مقداردهی اولیه roles: ENOENT: no such file or directory, open 'C:\Users\Fadak\Desktop\parandx\api\src\modules\user\user\seeds\roles.json'
2025-03-12T23:25:12.368Z [ERROR]: ❌ خطا در مقداردهی اولیه users: ENOENT: no such file or directory, open 'C:\Users\Fadak\Desktop\parandx\api\src\modules\user\user\seeds\users.json'
2025-03-12T23:33:23.200Z [ERROR]: ❌ خطا در مقداردهی اولیه roles: ENOENT: no such file or directory, open 'C:\Users\Fadak\Desktop\parandx\api\src\modules\user\user\seeds\roles.json'
2025-03-12T23:33:23.203Z [ERROR]: ❌ خطا در مقداردهی اولیه users: ENOENT: no such file or directory, open 'C:\Users\Fadak\Desktop\parandx\api\src\modules\user\user\seeds\users.json'
2025-03-12T23:38:28.164Z [ERROR]: ❌ خطا در مقداردهی اولیه roles: ENOENT: no such file or directory, open 'C:\Users\Fadak\Desktop\parandx\api\src\modules\user\user\seeds\roles.json'
2025-03-12T23:38:28.167Z [ERROR]: ❌ خطا در مقداردهی اولیه users: ENOENT: no such file or directory, open 'C:\Users\Fadak\Desktop\parandx\api\src\modules\user\user\seeds\users.json'
2025-03-12T23:38:33.663Z [ERROR]: ❌ خطا در مقداردهی اولیه roles: ENOENT: no such file or directory, open 'C:\Users\Fadak\Desktop\parandx\api\src\modules\user\user\seeds\roles.json'
2025-03-12T23:38:33.666Z [ERROR]: ❌ خطا در مقداردهی اولیه users: ENOENT: no such file or directory, open 'C:\Users\Fadak\Desktop\parandx\api\src\modules\user\user\seeds\users.json'
2025-03-12T23:38:36.623Z [ERROR]: ❌ خطا در مقداردهی اولیه roles: ENOENT: no such file or directory, open 'C:\Users\Fadak\Desktop\parandx\api\src\modules\user\user\seeds\roles.json'
2025-03-12T23:38:36.627Z [ERROR]: ❌ خطا در مقداردهی اولیه users: ENOENT: no such file or directory, open 'C:\Users\Fadak\Desktop\parandx\api\src\modules\user\user\seeds\users.json'
2025-03-12T23:38:39.918Z [ERROR]: ❌ خطا در مقداردهی اولیه roles: ENOENT: no such file or directory, open 'C:\Users\Fadak\Desktop\parandx\api\src\modules\user\user\seeds\roles.json'
2025-03-12T23:38:39.922Z [ERROR]: ❌ خطا در مقداردهی اولیه users: ENOENT: no such file or directory, open 'C:\Users\Fadak\Desktop\parandx\api\src\modules\user\user\seeds\users.json'
2025-03-12T23:39:22.840Z [ERROR]: ❌ خطا در مقداردهی اولیه roles: ENOENT: no such file or directory, open 'C:\Users\Fadak\Desktop\parandx\api\src\modules\user\user\seeds\roles.json'
2025-03-12T23:39:22.843Z [ERROR]: ❌ خطا در مقداردهی اولیه users: ENOENT: no such file or directory, open 'C:\Users\Fadak\Desktop\parandx\api\src\modules\user\user\seeds\users.json'
2025-03-17T02:18:58.354Z [ERROR]: ❌ خطا در مقداردهی اولیه roles: ENOENT: no such file or directory, open 'C:\Users\IR\Desktop\Parandix\parandx-api\src\modules\user\user\seeds\roles.json'
2025-03-17T02:18:58.358Z [ERROR]: ❌ خطا در مقداردهی اولیه users: ENOENT: no such file or directory, open 'C:\Users\IR\Desktop\Parandix\parandx-api\src\modules\user\user\seeds\users.json'
2025-03-17T02:19:57.178Z [ERROR]: ❌ خطا در مقداردهی اولیه roles: ENOENT: no such file or directory, open 'C:\Users\IR\Desktop\Parandix\parandx-api\src\modules\user\user\seeds\roles.json'
2025-03-17T02:19:57.181Z [ERROR]: ❌ خطا در مقداردهی اولیه users: ENOENT: no such file or directory, open 'C:\Users\IR\Desktop\Parandix\parandx-api\src\modules\user\user\seeds\users.json'
2025-03-17T07:35:29.401Z [ERROR]: ❌ Login failed: Cannot read properties of undefined (reading 'findOne')
2025-03-17T07:52:05.466Z [ERROR]: ❌ Login failed: Cannot read properties of undefined (reading 'findOne')
2025-03-17T07:52:11.607Z [ERROR]: ❌ Login failed: Cannot read properties of undefined (reading 'findOne')
2025-03-17T07:52:55.789Z [ERROR]: ❌ Login failed: Cannot read properties of undefined (reading 'findOne')
2025-03-18T02:41:31.200Z [ERROR]: FTP connection failed: self-signed certificate
2025-03-18T02:41:31.204Z [ERROR]: FTP upload failed: self-signed certificate
2025-03-18T02:41:31.208Z [ERROR]: File upload failed: self-signed certificate
2025-03-18T02:42:10.787Z [ERROR]: FTP connection failed: self-signed certificate
2025-03-18T02:42:10.789Z [ERROR]: FTP upload failed: self-signed certificate
2025-03-18T02:42:10.791Z [ERROR]: File upload failed: self-signed certificate
2025-03-18T02:43:04.176Z [ERROR]: FTP connection failed: self-signed certificate
2025-03-18T02:43:04.176Z [ERROR]: FTP upload failed: self-signed certificate
2025-03-18T02:43:04.177Z [ERROR]: File upload failed: self-signed certificate
2025-03-18T02:43:08.694Z [ERROR]: FTP connection failed: self-signed certificate
2025-03-18T02:43:08.696Z [ERROR]: FTP upload failed: self-signed certificate
2025-03-18T02:43:08.698Z [ERROR]: File upload failed: self-signed certificate
2025-03-18T02:43:12.263Z [ERROR]: FTP connection failed: self-signed certificate
2025-03-18T02:43:12.264Z [ERROR]: FTP upload failed: self-signed certificate
2025-03-18T02:43:12.266Z [ERROR]: File upload failed: self-signed certificate
2025-03-18T02:44:58.334Z [ERROR]: FTP connection failed: self-signed certificate
2025-03-18T02:44:58.334Z [ERROR]: FTP upload failed: self-signed certificate
2025-03-18T02:44:58.335Z [ERROR]: File upload failed: self-signed certificate
2025-03-18T02:45:31.380Z [ERROR]: FTP connection failed: self-signed certificate
2025-03-18T02:45:31.384Z [ERROR]: FTP upload failed: self-signed certificate
2025-03-18T02:45:31.389Z [ERROR]: File upload failed: self-signed certificate
2025-03-18T02:47:15.274Z [ERROR]: FTP connection failed: self-signed certificate
2025-03-18T02:47:15.275Z [ERROR]: FTP upload failed: self-signed certificate
2025-03-18T02:47:15.276Z [ERROR]: File upload failed: self-signed certificate
2025-03-18T02:52:08.719Z [ERROR]: FTP connection failed: self-signed certificate
2025-03-18T02:52:08.732Z [ERROR]: FTP upload failed: self-signed certificate
2025-03-18T02:52:08.738Z [ERROR]: File upload failed: self-signed certificate
2025-03-18T02:52:41.987Z [ERROR]: FTP connection failed: self-signed certificate
2025-03-18T02:52:41.987Z [ERROR]: FTP upload failed: self-signed certificate
2025-03-18T02:52:41.990Z [ERROR]: File upload failed: self-signed certificate
2025-03-18T03:04:26.227Z [ERROR]: FTP connection failed: self-signed certificate
2025-03-18T03:04:26.230Z [ERROR]: FTP upload failed: self-signed certificate
2025-03-18T03:04:26.233Z [ERROR]: File upload failed: self-signed certificate
2025-03-18T03:10:58.235Z [ERROR]: FTP connection failed: self-signed certificate
2025-03-18T03:10:58.235Z [ERROR]: FTP upload failed: self-signed certificate
2025-03-18T03:10:58.237Z [ERROR]: File upload failed: self-signed certificate
2025-03-18T03:12:05.687Z [ERROR]: FTP connection failed: self-signed certificate
2025-03-18T03:12:05.688Z [ERROR]: FTP upload failed: self-signed certificate
2025-03-18T03:12:05.689Z [ERROR]: File upload failed: self-signed certificate
2025-03-18T03:12:23.305Z [ERROR]: FTP connection failed: self-signed certificate
2025-03-18T03:12:23.306Z [ERROR]: FTP upload failed: self-signed certificate
2025-03-18T03:12:23.307Z [ERROR]: File upload failed: self-signed certificate
2025-03-18T03:14:10.288Z [ERROR]: FTP connection failed: self-signed certificate
2025-03-18T03:14:10.290Z [ERROR]: FTP upload failed: self-signed certificate
2025-03-18T03:14:10.292Z [ERROR]: File upload failed: self-signed certificate
2025-03-18T03:18:11.097Z [ERROR]: File upload failed: notNull Violation: File.uploaderId cannot be null
2025-03-18T03:21:36.319Z [ERROR]: File upload failed: notNull Violation: File.uploaderId cannot be null
2025-03-18T03:56:53.197Z [ERROR]: FTP delete failed: 550 /properties/2025/03/1742270015830-7a8a019d173a13b4d9ca265d4edc4583.png: No such file or directory
2025-03-18T03:56:53.198Z [ERROR]: Delete file failed: 550 /properties/2025/03/1742270015830-7a8a019d173a13b4d9ca265d4edc4583.png: No such file or directory
